125 : 2023-10-18 12:39:37,711 : INFO : telemetry.main : Attempt start. Configuration directory [/home/sander/.azure].
125 : 2023-10-18 12:39:37,712 : DEBUG : telemetry.note : acquiring lock
125 : 2023-10-18 12:39:37,712 : DEBUG : telemetry.note : acquired lock
125 : 2023-10-18 12:39:37,712 : INFO : telemetry.note : Update the note mtime to 2023-10-18 12:39:37.712439
125 : 2023-10-18 12:39:37,712 : WARNING : telemetry.note : Fail to parse or read the timestamp 'N/A' in the note file. Set the last send time to minimal. Reason: not readable
125 : 2023-10-18 12:39:37,712 : INFO : telemetry.records : 1 cache files to move.
125 : 2023-10-18 12:39:37,713 : INFO : telemetry.records : Create temp folder /tmp/tmp6sn74l27
125 : 2023-10-18 12:39:37,713 : INFO : telemetry.records : Move file /home/sander/.azure/telemetry/cache to /tmp/tmp6sn74l27/cache
125 : 2023-10-18 12:39:37,715 : INFO : telemetry.records : Processed file /tmp/tmp6sn74l27/cache into 1 records.
125 : 2023-10-18 12:39:37,715 : INFO : telemetry.records : Remove directory /tmp/tmp6sn74l27
125 : 2023-10-18 12:39:37,716 : INFO : telemetry.client : Accumulated 1 events. Flush the clients.
125 : 2023-10-18 12:39:37,716 : INFO : telemetry.client : Flush client c4395b75-49cc-422c-bc95-c7d51aef5d46.
125 : 2023-10-18 12:39:37,816 : INFO : telemetry.sender : Sending 3838 bytes
125 : 2023-10-18 12:39:37,817 : INFO : telemetry.sender : Finish uploading in 0.100677 seconds.
125 : 2023-10-18 12:39:37,817 : INFO : telemetry.note : Update the last send in note to 2023-10-18 12:39:37
125 : 2023-10-18 12:39:37,817 : INFO : telemetry.note : Update the note mtime to 2023-10-18 12:39:37.817707
157 : 2023-10-18 12:39:39,270 : INFO : telemetry.main : Attempt start. Configuration directory [/home/sander/.azure].
157 : 2023-10-18 12:39:39,270 : DEBUG : telemetry.note : acquiring lock
157 : 2023-10-18 12:39:39,270 : DEBUG : telemetry.note : acquired lock
157 : 2023-10-18 12:39:39,270 : INFO : telemetry.note : Update the note mtime to 2023-10-18 12:39:39.270951
157 : 2023-10-18 12:39:39,273 : INFO : telemetry.note : Read timestamp from the note. The last send was 2023-10-18 12:39:37.
157 : 2023-10-18 12:39:39,273 : INFO : telemetry.records : 1 cache files to move.
157 : 2023-10-18 12:39:39,273 : INFO : telemetry.records : Create temp folder /tmp/tmpq7i0hmy4
157 : 2023-10-18 12:39:39,274 : INFO : telemetry.records : Move file /home/sander/.azure/telemetry/cache to /tmp/tmpq7i0hmy4/cache
157 : 2023-10-18 12:39:39,274 : INFO : telemetry.records : Processed file /tmp/tmpq7i0hmy4/cache into 1 records.
157 : 2023-10-18 12:39:39,274 : INFO : telemetry.records : Remove directory /tmp/tmpq7i0hmy4
157 : 2023-10-18 12:39:39,275 : INFO : telemetry.client : Accumulated 1 events. Flush the clients.
157 : 2023-10-18 12:39:39,275 : INFO : telemetry.client : Flush client c4395b75-49cc-422c-bc95-c7d51aef5d46.
157 : 2023-10-18 12:39:39,368 : INFO : telemetry.sender : Sending 3835 bytes
157 : 2023-10-18 12:39:39,368 : INFO : telemetry.sender : Finish uploading in 0.093297 seconds.
157 : 2023-10-18 12:39:39,369 : INFO : telemetry.note : Update the last send in note to 2023-10-18 12:39:39
157 : 2023-10-18 12:39:39,369 : INFO : telemetry.note : Update the note mtime to 2023-10-18 12:39:39.369200
167 : 2023-10-18 12:39:39,788 : INFO : telemetry.main : Attempt start. Configuration directory [/home/sander/.azure].
167 : 2023-10-18 12:39:39,788 : DEBUG : telemetry.note : acquiring lock
167 : 2023-10-18 12:39:39,788 : DEBUG : telemetry.note : acquired lock
167 : 2023-10-18 12:39:39,788 : INFO : telemetry.note : Update the note mtime to 2023-10-18 12:39:39.788534
167 : 2023-10-18 12:39:39,789 : INFO : telemetry.note : Read timestamp from the note. The last send was 2023-10-18 12:39:39.
167 : 2023-10-18 12:39:39,790 : INFO : telemetry.records : 1 cache files to move.
167 : 2023-10-18 12:39:39,790 : INFO : telemetry.records : Create temp folder /tmp/tmp9ydqz5zv
167 : 2023-10-18 12:39:39,790 : INFO : telemetry.records : Move file /home/sander/.azure/telemetry/cache to /tmp/tmp9ydqz5zv/cache
167 : 2023-10-18 12:39:39,790 : INFO : telemetry.records : Processed file /tmp/tmp9ydqz5zv/cache into 0 records.
167 : 2023-10-18 12:39:39,790 : INFO : telemetry.records : Remove directory /tmp/tmp9ydqz5zv
167 : 2023-10-18 12:39:39,791 : INFO : telemetry.client : Accumulated 0 events. Flush the clients.
167 : 2023-10-18 12:39:39,791 : INFO : telemetry.note : Update the last send in note to 2023-10-18 12:39:39
167 : 2023-10-18 12:39:39,791 : INFO : telemetry.note : Update the note mtime to 2023-10-18 12:39:39.791198
181 : 2023-10-18 12:41:28,855 : INFO : telemetry.main : Attempt start. Configuration directory [/home/sander/.azure].
181 : 2023-10-18 12:41:28,855 : DEBUG : telemetry.note : acquiring lock
181 : 2023-10-18 12:41:28,855 : DEBUG : telemetry.note : acquired lock
181 : 2023-10-18 12:41:28,855 : INFO : telemetry.note : Update the note mtime to 2023-10-18 12:41:28.855598
181 : 2023-10-18 12:41:28,857 : INFO : telemetry.note : Read timestamp from the note. The last send was 2023-10-18 12:39:39.
181 : 2023-10-18 12:41:28,858 : INFO : telemetry.records : 1 cache files to move.
181 : 2023-10-18 12:41:28,858 : INFO : telemetry.records : Create temp folder /tmp/tmpjpys1x2t
181 : 2023-10-18 12:41:28,858 : INFO : telemetry.records : Move file /home/sander/.azure/telemetry/cache to /tmp/tmpjpys1x2t/cache
181 : 2023-10-18 12:41:28,859 : INFO : telemetry.records : Processed file /tmp/tmpjpys1x2t/cache into 1 records.
181 : 2023-10-18 12:41:28,859 : INFO : telemetry.records : Remove directory /tmp/tmpjpys1x2t
181 : 2023-10-18 12:41:28,860 : INFO : telemetry.client : Accumulated 1 events. Flush the clients.
181 : 2023-10-18 12:41:28,860 : INFO : telemetry.client : Flush client c4395b75-49cc-422c-bc95-c7d51aef5d46.
181 : 2023-10-18 12:41:28,956 : INFO : telemetry.sender : Sending 3876 bytes
181 : 2023-10-18 12:41:28,957 : INFO : telemetry.sender : Finish uploading in 0.097370 seconds.
181 : 2023-10-18 12:41:28,958 : INFO : telemetry.note : Update the last send in note to 2023-10-18 12:41:28
181 : 2023-10-18 12:41:28,958 : INFO : telemetry.note : Update the note mtime to 2023-10-18 12:41:28.958232
195 : 2023-10-18 12:42:01,778 : INFO : telemetry.main : Attempt start. Configuration directory [/home/sander/.azure].
195 : 2023-10-18 12:42:01,778 : DEBUG : telemetry.note : acquiring lock
195 : 2023-10-18 12:42:01,778 : DEBUG : telemetry.note : acquired lock
195 : 2023-10-18 12:42:01,779 : INFO : telemetry.note : Update the note mtime to 2023-10-18 12:42:01.779037
195 : 2023-10-18 12:42:01,781 : INFO : telemetry.note : Read timestamp from the note. The last send was 2023-10-18 12:41:28.
195 : 2023-10-18 12:42:01,781 : INFO : telemetry.records : 1 cache files to move.
195 : 2023-10-18 12:42:01,781 : INFO : telemetry.records : Create temp folder /tmp/tmpdomlxuwy
195 : 2023-10-18 12:42:01,782 : INFO : telemetry.records : Move file /home/sander/.azure/telemetry/cache to /tmp/tmpdomlxuwy/cache
195 : 2023-10-18 12:42:01,782 : INFO : telemetry.records : Processed file /tmp/tmpdomlxuwy/cache into 1 records.
195 : 2023-10-18 12:42:01,782 : INFO : telemetry.records : Remove directory /tmp/tmpdomlxuwy
195 : 2023-10-18 12:42:01,783 : INFO : telemetry.client : Accumulated 1 events. Flush the clients.
195 : 2023-10-18 12:42:01,783 : INFO : telemetry.client : Flush client c4395b75-49cc-422c-bc95-c7d51aef5d46.
195 : 2023-10-18 12:42:01,895 : INFO : telemetry.sender : Sending 3927 bytes
195 : 2023-10-18 12:42:01,896 : INFO : telemetry.sender : Finish uploading in 0.112694 seconds.
195 : 2023-10-18 12:42:01,896 : INFO : telemetry.note : Update the last send in note to 2023-10-18 12:42:01
195 : 2023-10-18 12:42:01,897 : INFO : telemetry.note : Update the note mtime to 2023-10-18 12:42:01.897029
208 : 2023-10-18 12:42:41,852 : INFO : telemetry.main : Attempt start. Configuration directory [/home/sander/.azure].
208 : 2023-10-18 12:42:41,852 : DEBUG : telemetry.note : acquiring lock
208 : 2023-10-18 12:42:41,852 : DEBUG : telemetry.note : acquired lock
208 : 2023-10-18 12:42:41,853 : INFO : telemetry.note : Update the note mtime to 2023-10-18 12:42:41.853012
208 : 2023-10-18 12:42:41,855 : INFO : telemetry.note : Read timestamp from the note. The last send was 2023-10-18 12:42:01.
208 : 2023-10-18 12:42:41,855 : INFO : telemetry.records : 1 cache files to move.
208 : 2023-10-18 12:42:41,855 : INFO : telemetry.records : Create temp folder /tmp/tmppbjazray
208 : 2023-10-18 12:42:41,856 : INFO : telemetry.records : Move file /home/sander/.azure/telemetry/cache to /tmp/tmppbjazray/cache
208 : 2023-10-18 12:42:41,856 : INFO : telemetry.records : Processed file /tmp/tmppbjazray/cache into 1 records.
208 : 2023-10-18 12:42:41,856 : INFO : telemetry.records : Remove directory /tmp/tmppbjazray
208 : 2023-10-18 12:42:41,857 : INFO : telemetry.client : Accumulated 1 events. Flush the clients.
208 : 2023-10-18 12:42:41,857 : INFO : telemetry.client : Flush client c4395b75-49cc-422c-bc95-c7d51aef5d46.
208 : 2023-10-18 12:42:41,941 : INFO : telemetry.sender : Sending 4536 bytes
208 : 2023-10-18 12:42:41,942 : INFO : telemetry.sender : Finish uploading in 0.084463 seconds.
208 : 2023-10-18 12:42:41,942 : INFO : telemetry.note : Update the last send in note to 2023-10-18 12:42:41
208 : 2023-10-18 12:42:41,942 : INFO : telemetry.note : Update the note mtime to 2023-10-18 12:42:41.942917
221 : 2023-10-18 12:44:21,812 : INFO : telemetry.main : Attempt start. Configuration directory [/home/sander/.azure].
221 : 2023-10-18 12:44:21,813 : DEBUG : telemetry.note : acquiring lock
221 : 2023-10-18 12:44:21,813 : DEBUG : telemetry.note : acquired lock
221 : 2023-10-18 12:44:21,813 : INFO : telemetry.note : Update the note mtime to 2023-10-18 12:44:21.813420
221 : 2023-10-18 12:44:21,815 : INFO : telemetry.note : Read timestamp from the note. The last send was 2023-10-18 12:42:41.
221 : 2023-10-18 12:44:21,815 : INFO : telemetry.records : 1 cache files to move.
221 : 2023-10-18 12:44:21,816 : INFO : telemetry.records : Create temp folder /tmp/tmpcitib9z8
221 : 2023-10-18 12:44:21,816 : INFO : telemetry.records : Move file /home/sander/.azure/telemetry/cache to /tmp/tmpcitib9z8/cache
221 : 2023-10-18 12:44:21,816 : INFO : telemetry.records : Processed file /tmp/tmpcitib9z8/cache into 1 records.
221 : 2023-10-18 12:44:21,817 : INFO : telemetry.records : Remove directory /tmp/tmpcitib9z8
221 : 2023-10-18 12:44:21,817 : INFO : telemetry.client : Accumulated 1 events. Flush the clients.
221 : 2023-10-18 12:44:21,817 : INFO : telemetry.client : Flush client c4395b75-49cc-422c-bc95-c7d51aef5d46.
221 : 2023-10-18 12:44:21,907 : INFO : telemetry.sender : Sending 5448 bytes
221 : 2023-10-18 12:44:21,908 : INFO : telemetry.sender : Finish uploading in 0.090352 seconds.
221 : 2023-10-18 12:44:21,908 : INFO : telemetry.note : Update the last send in note to 2023-10-18 12:44:21
221 : 2023-10-18 12:44:21,908 : INFO : telemetry.note : Update the note mtime to 2023-10-18 12:44:21.908775
203 : 2023-10-30 12:45:45,942 : INFO : telemetry.main : Attempt start. Configuration directory [/home/sander/.azure].
203 : 2023-10-30 12:45:45,955 : DEBUG : telemetry.note : acquiring lock
203 : 2023-10-30 12:45:45,956 : DEBUG : telemetry.note : acquired lock
203 : 2023-10-30 12:45:45,956 : INFO : telemetry.note : Update the note mtime to 2023-10-30 12:45:45.956199
203 : 2023-10-30 12:45:45,961 : INFO : telemetry.note : Read timestamp from the note. The last send was 2023-10-18 12:44:21.
203 : 2023-10-30 12:45:45,969 : INFO : telemetry.records : 1 cache files to move.
203 : 2023-10-30 12:45:45,969 : INFO : telemetry.records : Create temp folder /tmp/tmp6ndqtslc
203 : 2023-10-30 12:45:45,970 : INFO : telemetry.records : Move file /home/sander/.azure/telemetry/cache to /tmp/tmp6ndqtslc/cache
203 : 2023-10-30 12:45:45,971 : INFO : telemetry.records : Processed file /tmp/tmp6ndqtslc/cache into 1 records.
203 : 2023-10-30 12:45:45,971 : INFO : telemetry.records : Remove directory /tmp/tmp6ndqtslc
203 : 2023-10-30 12:45:45,972 : INFO : telemetry.client : Accumulated 1 events. Flush the clients.
203 : 2023-10-30 12:45:45,973 : INFO : telemetry.client : Flush client c4395b75-49cc-422c-bc95-c7d51aef5d46.
203 : 2023-10-30 12:45:46,350 : INFO : telemetry.sender : Sending 3798 bytes
203 : 2023-10-30 12:45:46,360 : INFO : telemetry.sender : Finish uploading in 0.387002 seconds.
203 : 2023-10-30 12:45:46,361 : INFO : telemetry.note : Update the last send in note to 2023-10-30 12:45:45
203 : 2023-10-30 12:45:46,361 : INFO : telemetry.note : Update the note mtime to 2023-10-30 12:45:46.361205
239 : 2023-10-30 12:45:48,412 : INFO : telemetry.main : Attempt start. Configuration directory [/home/sander/.azure].
239 : 2023-10-30 12:45:48,413 : DEBUG : telemetry.note : acquiring lock
239 : 2023-10-30 12:45:48,413 : DEBUG : telemetry.note : acquired lock
239 : 2023-10-30 12:45:48,413 : INFO : telemetry.note : Update the note mtime to 2023-10-30 12:45:48.413713
239 : 2023-10-30 12:45:48,422 : INFO : telemetry.note : Read timestamp from the note. The last send was 2023-10-30 12:45:45.
239 : 2023-10-30 12:45:48,424 : INFO : telemetry.records : 1 cache files to move.
239 : 2023-10-30 12:45:48,424 : INFO : telemetry.records : Create temp folder /tmp/tmp6jlyuffu
239 : 2023-10-30 12:45:48,430 : INFO : telemetry.records : Move file /home/sander/.azure/telemetry/cache to /tmp/tmp6jlyuffu/cache
239 : 2023-10-30 12:45:48,431 : INFO : telemetry.records : Processed file /tmp/tmp6jlyuffu/cache into 2 records.
239 : 2023-10-30 12:45:48,431 : INFO : telemetry.records : Remove directory /tmp/tmp6jlyuffu
239 : 2023-10-30 12:45:48,433 : INFO : telemetry.client : Accumulated 2 events. Flush the clients.
239 : 2023-10-30 12:45:48,433 : INFO : telemetry.client : Flush client c4395b75-49cc-422c-bc95-c7d51aef5d46.
239 : 2023-10-30 12:45:48,711 : INFO : telemetry.sender : Sending 7644 bytes
239 : 2023-10-30 12:45:48,730 : INFO : telemetry.sender : Finish uploading in 0.290880 seconds.
239 : 2023-10-30 12:45:48,731 : INFO : telemetry.note : Update the last send in note to 2023-10-30 12:45:48
239 : 2023-10-30 12:45:48,731 : INFO : telemetry.note : Update the note mtime to 2023-10-30 12:45:48.731587
256 : 2023-10-30 12:45:48,886 : INFO : telemetry.main : Attempt start. Configuration directory [/home/sander/.azure].
256 : 2023-10-30 12:45:48,887 : DEBUG : telemetry.note : acquiring lock
256 : 2023-10-30 12:45:48,887 : DEBUG : telemetry.note : acquired lock
256 : 2023-10-30 12:45:48,887 : INFO : telemetry.note : Update the note mtime to 2023-10-30 12:45:48.887345
256 : 2023-10-30 12:45:48,894 : INFO : telemetry.note : Read timestamp from the note. The last send was 2023-10-30 12:45:48.
256 : 2023-10-30 12:45:48,895 : INFO : telemetry.records : No cache to be uploaded.
256 : 2023-10-30 12:45:48,895 : INFO : telemetry.client : Accumulated 0 events. Flush the clients.
256 : 2023-10-30 12:45:48,896 : INFO : telemetry.note : Update the last send in note to 2023-10-30 12:45:48
256 : 2023-10-30 12:45:48,896 : INFO : telemetry.note : Update the note mtime to 2023-10-30 12:45:48.896191
270 : 2023-10-30 12:45:54,475 : INFO : telemetry.main : Attempt start. Configuration directory [/home/sander/.azure].
270 : 2023-10-30 12:45:54,476 : DEBUG : telemetry.note : acquiring lock
270 : 2023-10-30 12:45:54,476 : DEBUG : telemetry.note : acquired lock
270 : 2023-10-30 12:45:54,476 : INFO : telemetry.note : Update the note mtime to 2023-10-30 12:45:54.476417
270 : 2023-10-30 12:45:54,480 : INFO : telemetry.note : Read timestamp from the note. The last send was 2023-10-30 12:45:48.
270 : 2023-10-30 12:45:54,481 : INFO : telemetry.records : 1 cache files to move.
270 : 2023-10-30 12:45:54,481 : INFO : telemetry.records : Create temp folder /tmp/tmpvxu1htmb
270 : 2023-10-30 12:45:54,481 : INFO : telemetry.records : Move file /home/sander/.azure/telemetry/cache to /tmp/tmpvxu1htmb/cache
270 : 2023-10-30 12:45:54,481 : INFO : telemetry.records : Processed file /tmp/tmpvxu1htmb/cache into 1 records.
270 : 2023-10-30 12:45:54,482 : INFO : telemetry.records : Remove directory /tmp/tmpvxu1htmb
270 : 2023-10-30 12:45:54,483 : INFO : telemetry.client : Accumulated 1 events. Flush the clients.
270 : 2023-10-30 12:45:54,483 : INFO : telemetry.client : Flush client c4395b75-49cc-422c-bc95-c7d51aef5d46.
270 : 2023-10-30 12:46:04,560 : ERROR : telemetry.sender : Upload failed. OSError: <urlopen error _ssl.c:1112: The handshake operation timed out>
270 : 2023-10-30 12:46:04,563 : INFO : telemetry.sender : Finish uploading in 10.079265 seconds.
270 : 2023-10-30 12:46:04,565 : INFO : telemetry.note : Update the last send in note to 2023-10-30 12:45:54
270 : 2023-10-30 12:46:04,565 : INFO : telemetry.note : Update the note mtime to 2023-10-30 12:46:04.565401
287 : 2023-10-30 12:46:18,285 : INFO : telemetry.main : Attempt start. Configuration directory [/home/sander/.azure].
287 : 2023-10-30 12:46:18,286 : DEBUG : telemetry.note : acquiring lock
287 : 2023-10-30 12:46:18,286 : DEBUG : telemetry.note : acquired lock
287 : 2023-10-30 12:46:18,286 : INFO : telemetry.note : Update the note mtime to 2023-10-30 12:46:18.286876
287 : 2023-10-30 12:46:18,293 : INFO : telemetry.note : Read timestamp from the note. The last send was 2023-10-30 12:45:54.
287 : 2023-10-30 12:46:18,294 : INFO : telemetry.records : 1 cache files to move.
287 : 2023-10-30 12:46:18,295 : INFO : telemetry.records : Create temp folder /tmp/tmpeie_lsnw
287 : 2023-10-30 12:46:18,295 : INFO : telemetry.records : Move file /home/sander/.azure/telemetry/cache to /tmp/tmpeie_lsnw/cache
287 : 2023-10-30 12:46:18,296 : INFO : telemetry.records : Processed file /tmp/tmpeie_lsnw/cache into 1 records.
287 : 2023-10-30 12:46:18,297 : INFO : telemetry.records : Remove directory /tmp/tmpeie_lsnw
287 : 2023-10-30 12:46:18,299 : INFO : telemetry.client : Accumulated 1 events. Flush the clients.
287 : 2023-10-30 12:46:18,299 : INFO : telemetry.client : Flush client c4395b75-49cc-422c-bc95-c7d51aef5d46.
287 : 2023-10-30 12:46:18,461 : INFO : telemetry.sender : Sending 3854 bytes
287 : 2023-10-30 12:46:18,462 : INFO : telemetry.sender : Finish uploading in 0.161934 seconds.
287 : 2023-10-30 12:46:18,462 : INFO : telemetry.note : Update the last send in note to 2023-10-30 12:46:17
287 : 2023-10-30 12:46:18,463 : INFO : telemetry.note : Update the note mtime to 2023-10-30 12:46:18.463112
329 : 2023-10-30 12:47:08,325 : INFO : telemetry.main : Attempt start. Configuration directory [/home/sander/.azure].
329 : 2023-10-30 12:47:08,326 : DEBUG : telemetry.note : acquiring lock
329 : 2023-10-30 12:47:08,326 : DEBUG : telemetry.note : acquired lock
329 : 2023-10-30 12:47:08,327 : INFO : telemetry.note : Update the note mtime to 2023-10-30 12:47:08.327115
329 : 2023-10-30 12:47:08,331 : INFO : telemetry.note : Read timestamp from the note. The last send was 2023-10-30 12:46:17.
329 : 2023-10-30 12:47:08,334 : INFO : telemetry.records : 1 cache files to move.
329 : 2023-10-30 12:47:08,334 : INFO : telemetry.records : Create temp folder /tmp/tmp9i4tv1ti
329 : 2023-10-30 12:47:08,335 : INFO : telemetry.records : Move file /home/sander/.azure/telemetry/cache to /tmp/tmp9i4tv1ti/cache
329 : 2023-10-30 12:47:08,335 : INFO : telemetry.records : Processed file /tmp/tmp9i4tv1ti/cache into 1 records.
329 : 2023-10-30 12:47:08,336 : INFO : telemetry.records : Remove directory /tmp/tmp9i4tv1ti
329 : 2023-10-30 12:47:08,337 : INFO : telemetry.client : Accumulated 1 events. Flush the clients.
329 : 2023-10-30 12:47:08,337 : INFO : telemetry.client : Flush client c4395b75-49cc-422c-bc95-c7d51aef5d46.
329 : 2023-10-30 12:47:08,513 : INFO : telemetry.sender : Sending 3945 bytes
329 : 2023-10-30 12:47:08,515 : INFO : telemetry.sender : Finish uploading in 0.176883 seconds.
329 : 2023-10-30 12:47:08,515 : INFO : telemetry.note : Update the last send in note to 2023-10-30 12:47:08
329 : 2023-10-30 12:47:08,515 : INFO : telemetry.note : Update the note mtime to 2023-10-30 12:47:08.515699
353 : 2023-10-30 12:47:32,390 : INFO : telemetry.main : Attempt start. Configuration directory [/home/sander/.azure].
353 : 2023-10-30 12:47:32,390 : DEBUG : telemetry.note : acquiring lock
353 : 2023-10-30 12:47:32,391 : DEBUG : telemetry.note : acquired lock
353 : 2023-10-30 12:47:32,392 : INFO : telemetry.note : Update the note mtime to 2023-10-30 12:47:32.392099
353 : 2023-10-30 12:47:32,396 : INFO : telemetry.note : Read timestamp from the note. The last send was 2023-10-30 12:47:08.
353 : 2023-10-30 12:47:32,396 : INFO : telemetry.records : 1 cache files to move.
353 : 2023-10-30 12:47:32,397 : INFO : telemetry.records : Create temp folder /tmp/tmpp4o7msxw
353 : 2023-10-30 12:47:32,397 : INFO : telemetry.records : Move file /home/sander/.azure/telemetry/cache to /tmp/tmpp4o7msxw/cache
353 : 2023-10-30 12:47:32,398 : INFO : telemetry.records : Processed file /tmp/tmpp4o7msxw/cache into 1 records.
353 : 2023-10-30 12:47:32,398 : INFO : telemetry.records : Remove directory /tmp/tmpp4o7msxw
353 : 2023-10-30 12:47:32,399 : INFO : telemetry.client : Accumulated 1 events. Flush the clients.
353 : 2023-10-30 12:47:32,399 : INFO : telemetry.client : Flush client c4395b75-49cc-422c-bc95-c7d51aef5d46.
353 : 2023-10-30 12:47:32,553 : INFO : telemetry.sender : Sending 3949 bytes
353 : 2023-10-30 12:47:32,554 : INFO : telemetry.sender : Finish uploading in 0.153754 seconds.
353 : 2023-10-30 12:47:32,554 : INFO : telemetry.note : Update the last send in note to 2023-10-30 12:47:32
353 : 2023-10-30 12:47:32,554 : INFO : telemetry.note : Update the note mtime to 2023-10-30 12:47:32.554759
380 : 2023-10-30 12:47:56,331 : INFO : telemetry.main : Attempt start. Configuration directory [/home/sander/.azure].
380 : 2023-10-30 12:47:56,331 : DEBUG : telemetry.note : acquiring lock
380 : 2023-10-30 12:47:56,332 : DEBUG : telemetry.note : acquired lock
380 : 2023-10-30 12:47:56,332 : INFO : telemetry.note : Update the note mtime to 2023-10-30 12:47:56.332438
380 : 2023-10-30 12:47:56,336 : INFO : telemetry.note : Read timestamp from the note. The last send was 2023-10-30 12:47:32.
380 : 2023-10-30 12:47:56,337 : INFO : telemetry.records : 1 cache files to move.
380 : 2023-10-30 12:47:56,337 : INFO : telemetry.records : Create temp folder /tmp/tmpczf0ngkb
380 : 2023-10-30 12:47:56,338 : INFO : telemetry.records : Move file /home/sander/.azure/telemetry/cache to /tmp/tmpczf0ngkb/cache
380 : 2023-10-30 12:47:56,338 : INFO : telemetry.records : Processed file /tmp/tmpczf0ngkb/cache into 1 records.
380 : 2023-10-30 12:47:56,338 : INFO : telemetry.records : Remove directory /tmp/tmpczf0ngkb
380 : 2023-10-30 12:47:56,340 : INFO : telemetry.client : Accumulated 1 events. Flush the clients.
380 : 2023-10-30 12:47:56,340 : INFO : telemetry.client : Flush client c4395b75-49cc-422c-bc95-c7d51aef5d46.
380 : 2023-10-30 12:47:56,591 : INFO : telemetry.sender : Sending 3993 bytes
380 : 2023-10-30 12:47:56,597 : INFO : telemetry.sender : Finish uploading in 0.255736 seconds.
380 : 2023-10-30 12:47:56,597 : INFO : telemetry.note : Update the last send in note to 2023-10-30 12:47:55
380 : 2023-10-30 12:47:56,602 : INFO : telemetry.note : Update the note mtime to 2023-10-30 12:47:56.602016
404 : 2023-10-30 12:48:21,635 : INFO : telemetry.main : Attempt start. Configuration directory [/home/sander/.azure].
404 : 2023-10-30 12:48:21,637 : DEBUG : telemetry.note : acquiring lock
404 : 2023-10-30 12:48:21,638 : DEBUG : telemetry.note : acquired lock
404 : 2023-10-30 12:48:21,639 : INFO : telemetry.note : Update the note mtime to 2023-10-30 12:48:21.638938
404 : 2023-10-30 12:48:21,654 : INFO : telemetry.note : Read timestamp from the note. The last send was 2023-10-30 12:47:55.
404 : 2023-10-30 12:48:21,657 : INFO : telemetry.records : 1 cache files to move.
404 : 2023-10-30 12:48:21,658 : INFO : telemetry.records : Create temp folder /tmp/tmpfghis0r3
404 : 2023-10-30 12:48:21,659 : INFO : telemetry.records : Move file /home/sander/.azure/telemetry/cache to /tmp/tmpfghis0r3/cache
404 : 2023-10-30 12:48:21,661 : INFO : telemetry.records : Processed file /tmp/tmpfghis0r3/cache into 1 records.
404 : 2023-10-30 12:48:21,663 : INFO : telemetry.records : Remove directory /tmp/tmpfghis0r3
404 : 2023-10-30 12:48:21,667 : INFO : telemetry.client : Accumulated 1 events. Flush the clients.
404 : 2023-10-30 12:48:21,668 : INFO : telemetry.client : Flush client c4395b75-49cc-422c-bc95-c7d51aef5d46.
404 : 2023-10-30 12:48:21,908 : INFO : telemetry.sender : Sending 3982 bytes
404 : 2023-10-30 12:48:21,909 : INFO : telemetry.sender : Finish uploading in 0.236745 seconds.
404 : 2023-10-30 12:48:21,909 : INFO : telemetry.note : Update the last send in note to 2023-10-30 12:48:21
404 : 2023-10-30 12:48:21,910 : INFO : telemetry.note : Update the note mtime to 2023-10-30 12:48:21.910129
417 : 2023-10-30 12:48:45,373 : INFO : telemetry.main : Attempt start. Configuration directory [/home/sander/.azure].
417 : 2023-10-30 12:48:45,374 : DEBUG : telemetry.note : acquiring lock
417 : 2023-10-30 12:48:45,374 : DEBUG : telemetry.note : acquired lock
417 : 2023-10-30 12:48:45,374 : INFO : telemetry.note : Update the note mtime to 2023-10-30 12:48:45.374795
417 : 2023-10-30 12:48:45,379 : INFO : telemetry.note : Read timestamp from the note. The last send was 2023-10-30 12:48:21.
417 : 2023-10-30 12:48:45,379 : INFO : telemetry.records : 1 cache files to move.
417 : 2023-10-30 12:48:45,380 : INFO : telemetry.records : Create temp folder /tmp/tmputx6g6hw
417 : 2023-10-30 12:48:45,381 : INFO : telemetry.records : Move file /home/sander/.azure/telemetry/cache to /tmp/tmputx6g6hw/cache
417 : 2023-10-30 12:48:45,381 : INFO : telemetry.records : Processed file /tmp/tmputx6g6hw/cache into 1 records.
417 : 2023-10-30 12:48:45,382 : INFO : telemetry.records : Remove directory /tmp/tmputx6g6hw
417 : 2023-10-30 12:48:45,383 : INFO : telemetry.client : Accumulated 1 events. Flush the clients.
417 : 2023-10-30 12:48:45,383 : INFO : telemetry.client : Flush client c4395b75-49cc-422c-bc95-c7d51aef5d46.
417 : 2023-10-30 12:48:45,584 : INFO : telemetry.sender : Sending 3831 bytes
417 : 2023-10-30 12:48:45,585 : INFO : telemetry.sender : Finish uploading in 0.201372 seconds.
417 : 2023-10-30 12:48:45,586 : INFO : telemetry.note : Update the last send in note to 2023-10-30 12:48:45
417 : 2023-10-30 12:48:45,586 : INFO : telemetry.note : Update the note mtime to 2023-10-30 12:48:45.586193
477 : 2023-10-30 12:50:46,440 : INFO : telemetry.main : Attempt start. Configuration directory [/home/sander/.azure].
477 : 2023-10-30 12:50:46,440 : DEBUG : telemetry.note : acquiring lock
477 : 2023-10-30 12:50:46,441 : DEBUG : telemetry.note : acquired lock
477 : 2023-10-30 12:50:46,441 : INFO : telemetry.note : Update the note mtime to 2023-10-30 12:50:46.441331
477 : 2023-10-30 12:50:46,445 : INFO : telemetry.note : Read timestamp from the note. The last send was 2023-10-30 12:48:45.
477 : 2023-10-30 12:50:46,445 : INFO : telemetry.records : 1 cache files to move.
477 : 2023-10-30 12:50:46,446 : INFO : telemetry.records : Create temp folder /tmp/tmpjay_f4fg
477 : 2023-10-30 12:50:46,446 : INFO : telemetry.records : Move file /home/sander/.azure/telemetry/cache to /tmp/tmpjay_f4fg/cache
477 : 2023-10-30 12:50:46,447 : INFO : telemetry.records : Processed file /tmp/tmpjay_f4fg/cache into 1 records.
477 : 2023-10-30 12:50:46,447 : INFO : telemetry.records : Remove directory /tmp/tmpjay_f4fg
477 : 2023-10-30 12:50:46,448 : INFO : telemetry.client : Accumulated 1 events. Flush the clients.
477 : 2023-10-30 12:50:46,448 : INFO : telemetry.client : Flush client c4395b75-49cc-422c-bc95-c7d51aef5d46.
477 : 2023-10-30 12:50:46,660 : INFO : telemetry.sender : Sending 3940 bytes
477 : 2023-10-30 12:50:46,661 : INFO : telemetry.sender : Finish uploading in 0.212003 seconds.
477 : 2023-10-30 12:50:46,661 : INFO : telemetry.note : Update the last send in note to 2023-10-30 12:50:46
477 : 2023-10-30 12:50:46,661 : INFO : telemetry.note : Update the note mtime to 2023-10-30 12:50:46.661648
502 : 2023-10-30 12:51:06,236 : INFO : telemetry.main : Attempt start. Configuration directory [/home/sander/.azure].
502 : 2023-10-30 12:51:06,236 : DEBUG : telemetry.note : acquiring lock
502 : 2023-10-30 12:51:06,236 : DEBUG : telemetry.note : acquired lock
502 : 2023-10-30 12:51:06,237 : INFO : telemetry.note : Update the note mtime to 2023-10-30 12:51:06.237066
502 : 2023-10-30 12:51:06,240 : INFO : telemetry.note : Read timestamp from the note. The last send was 2023-10-30 12:50:46.
502 : 2023-10-30 12:51:06,241 : INFO : telemetry.records : 1 cache files to move.
502 : 2023-10-30 12:51:06,241 : INFO : telemetry.records : Create temp folder /tmp/tmph0x1p0n3
502 : 2023-10-30 12:51:06,242 : INFO : telemetry.records : Move file /home/sander/.azure/telemetry/cache to /tmp/tmph0x1p0n3/cache
502 : 2023-10-30 12:51:06,242 : INFO : telemetry.records : Processed file /tmp/tmph0x1p0n3/cache into 1 records.
502 : 2023-10-30 12:51:06,243 : INFO : telemetry.records : Remove directory /tmp/tmph0x1p0n3
502 : 2023-10-30 12:51:06,244 : INFO : telemetry.client : Accumulated 1 events. Flush the clients.
502 : 2023-10-30 12:51:06,244 : INFO : telemetry.client : Flush client c4395b75-49cc-422c-bc95-c7d51aef5d46.
502 : 2023-10-30 12:51:06,543 : INFO : telemetry.sender : Sending 3881 bytes
502 : 2023-10-30 12:51:06,544 : INFO : telemetry.sender : Finish uploading in 0.299585 seconds.
502 : 2023-10-30 12:51:06,544 : INFO : telemetry.note : Update the last send in note to 2023-10-30 12:51:05
502 : 2023-10-30 12:51:06,544 : INFO : telemetry.note : Update the note mtime to 2023-10-30 12:51:06.544817
516 : 2023-10-30 12:51:16,762 : INFO : telemetry.main : Attempt start. Configuration directory [/home/sander/.azure].
516 : 2023-10-30 12:51:16,762 : DEBUG : telemetry.note : acquiring lock
516 : 2023-10-30 12:51:16,763 : DEBUG : telemetry.note : acquired lock
516 : 2023-10-30 12:51:16,763 : INFO : telemetry.note : Update the note mtime to 2023-10-30 12:51:16.763294
516 : 2023-10-30 12:51:16,768 : INFO : telemetry.note : Read timestamp from the note. The last send was 2023-10-30 12:51:05.
516 : 2023-10-30 12:51:16,769 : INFO : telemetry.records : 1 cache files to move.
516 : 2023-10-30 12:51:16,769 : INFO : telemetry.records : Create temp folder /tmp/tmpgosl0083
516 : 2023-10-30 12:51:16,770 : INFO : telemetry.records : Move file /home/sander/.azure/telemetry/cache to /tmp/tmpgosl0083/cache
516 : 2023-10-30 12:51:16,771 : INFO : telemetry.records : Processed file /tmp/tmpgosl0083/cache into 1 records.
516 : 2023-10-30 12:51:16,772 : INFO : telemetry.records : Remove directory /tmp/tmpgosl0083
516 : 2023-10-30 12:51:16,774 : INFO : telemetry.client : Accumulated 1 events. Flush the clients.
516 : 2023-10-30 12:51:16,774 : INFO : telemetry.client : Flush client c4395b75-49cc-422c-bc95-c7d51aef5d46.
516 : 2023-10-30 12:51:16,923 : INFO : telemetry.sender : Sending 3958 bytes
516 : 2023-10-30 12:51:16,924 : INFO : telemetry.sender : Finish uploading in 0.149169 seconds.
516 : 2023-10-30 12:51:16,924 : INFO : telemetry.note : Update the last send in note to 2023-10-30 12:51:16
516 : 2023-10-30 12:51:16,925 : INFO : telemetry.note : Update the note mtime to 2023-10-30 12:51:16.925083
545 : 2023-10-30 12:51:24,360 : INFO : telemetry.main : Attempt start. Configuration directory [/home/sander/.azure].
545 : 2023-10-30 12:51:24,360 : DEBUG : telemetry.note : acquiring lock
545 : 2023-10-30 12:51:24,360 : DEBUG : telemetry.note : acquired lock
545 : 2023-10-30 12:51:24,361 : INFO : telemetry.note : Update the note mtime to 2023-10-30 12:51:24.361064
545 : 2023-10-30 12:51:24,364 : INFO : telemetry.note : Read timestamp from the note. The last send was 2023-10-30 12:51:16.
545 : 2023-10-30 12:51:24,365 : INFO : telemetry.records : 1 cache files to move.
545 : 2023-10-30 12:51:24,365 : INFO : telemetry.records : Create temp folder /tmp/tmp2g6e_7zt
545 : 2023-10-30 12:51:24,366 : INFO : telemetry.records : Move file /home/sander/.azure/telemetry/cache to /tmp/tmp2g6e_7zt/cache
545 : 2023-10-30 12:51:24,366 : INFO : telemetry.records : Processed file /tmp/tmp2g6e_7zt/cache into 1 records.
545 : 2023-10-30 12:51:24,367 : INFO : telemetry.records : Remove directory /tmp/tmp2g6e_7zt
545 : 2023-10-30 12:51:24,368 : INFO : telemetry.client : Accumulated 1 events. Flush the clients.
545 : 2023-10-30 12:51:24,369 : INFO : telemetry.client : Flush client c4395b75-49cc-422c-bc95-c7d51aef5d46.
545 : 2023-10-30 12:51:24,529 : INFO : telemetry.sender : Sending 3958 bytes
545 : 2023-10-30 12:51:24,530 : INFO : telemetry.sender : Finish uploading in 0.160366 seconds.
545 : 2023-10-30 12:51:24,530 : INFO : telemetry.note : Update the last send in note to 2023-10-30 12:51:24
545 : 2023-10-30 12:51:24,530 : INFO : telemetry.note : Update the note mtime to 2023-10-30 12:51:24.530539
559 : 2023-10-30 12:51:41,848 : INFO : telemetry.main : Attempt start. Configuration directory [/home/sander/.azure].
559 : 2023-10-30 12:51:41,849 : DEBUG : telemetry.note : acquiring lock
559 : 2023-10-30 12:51:41,849 : DEBUG : telemetry.note : acquired lock
559 : 2023-10-30 12:51:41,849 : INFO : telemetry.note : Update the note mtime to 2023-10-30 12:51:41.849942
559 : 2023-10-30 12:51:41,853 : INFO : telemetry.note : Read timestamp from the note. The last send was 2023-10-30 12:51:24.
559 : 2023-10-30 12:51:41,854 : INFO : telemetry.records : 1 cache files to move.
559 : 2023-10-30 12:51:41,854 : INFO : telemetry.records : Create temp folder /tmp/tmptb2q4av8
559 : 2023-10-30 12:51:41,855 : INFO : telemetry.records : Move file /home/sander/.azure/telemetry/cache to /tmp/tmptb2q4av8/cache
559 : 2023-10-30 12:51:41,856 : INFO : telemetry.records : Processed file /tmp/tmptb2q4av8/cache into 1 records.
559 : 2023-10-30 12:51:41,856 : INFO : telemetry.records : Remove directory /tmp/tmptb2q4av8
559 : 2023-10-30 12:51:41,857 : INFO : telemetry.client : Accumulated 1 events. Flush the clients.
559 : 2023-10-30 12:51:41,858 : INFO : telemetry.client : Flush client c4395b75-49cc-422c-bc95-c7d51aef5d46.
559 : 2023-10-30 12:51:41,986 : INFO : telemetry.sender : Sending 3935 bytes
559 : 2023-10-30 12:51:41,987 : INFO : telemetry.sender : Finish uploading in 0.128712 seconds.
559 : 2023-10-30 12:51:41,987 : INFO : telemetry.note : Update the last send in note to 2023-10-30 12:51:41
559 : 2023-10-30 12:51:41,988 : INFO : telemetry.note : Update the note mtime to 2023-10-30 12:51:41.987996
585 : 2023-10-30 12:51:52,223 : INFO : telemetry.main : Attempt start. Configuration directory [/home/sander/.azure].
585 : 2023-10-30 12:51:52,224 : DEBUG : telemetry.note : acquiring lock
585 : 2023-10-30 12:51:52,224 : DEBUG : telemetry.note : acquired lock
585 : 2023-10-30 12:51:52,224 : INFO : telemetry.note : Update the note mtime to 2023-10-30 12:51:52.224896
585 : 2023-10-30 12:51:52,228 : INFO : telemetry.note : Read timestamp from the note. The last send was 2023-10-30 12:51:41.
585 : 2023-10-30 12:51:52,229 : INFO : telemetry.records : 1 cache files to move.
585 : 2023-10-30 12:51:52,229 : INFO : telemetry.records : Create temp folder /tmp/tmpvbdd0fh0
585 : 2023-10-30 12:51:52,230 : INFO : telemetry.records : Move file /home/sander/.azure/telemetry/cache to /tmp/tmpvbdd0fh0/cache
585 : 2023-10-30 12:51:52,230 : INFO : telemetry.records : Processed file /tmp/tmpvbdd0fh0/cache into 1 records.
585 : 2023-10-30 12:51:52,231 : INFO : telemetry.records : Remove directory /tmp/tmpvbdd0fh0
585 : 2023-10-30 12:51:52,232 : INFO : telemetry.client : Accumulated 1 events. Flush the clients.
585 : 2023-10-30 12:51:52,233 : INFO : telemetry.client : Flush client c4395b75-49cc-422c-bc95-c7d51aef5d46.
585 : 2023-10-30 12:51:52,386 : INFO : telemetry.sender : Sending 3954 bytes
585 : 2023-10-30 12:51:52,387 : INFO : telemetry.sender : Finish uploading in 0.153919 seconds.
585 : 2023-10-30 12:51:52,388 : INFO : telemetry.note : Update the last send in note to 2023-10-30 12:51:51
585 : 2023-10-30 12:51:52,388 : INFO : telemetry.note : Update the note mtime to 2023-10-30 12:51:52.388218
600 : 2023-10-30 12:52:03,801 : INFO : telemetry.main : Attempt start. Configuration directory [/home/sander/.azure].
600 : 2023-10-30 12:52:03,801 : DEBUG : telemetry.note : acquiring lock
600 : 2023-10-30 12:52:03,802 : DEBUG : telemetry.note : acquired lock
600 : 2023-10-30 12:52:03,802 : INFO : telemetry.note : Update the note mtime to 2023-10-30 12:52:03.802692
600 : 2023-10-30 12:52:03,806 : INFO : telemetry.note : Read timestamp from the note. The last send was 2023-10-30 12:51:51.
600 : 2023-10-30 12:52:03,807 : INFO : telemetry.records : 1 cache files to move.
600 : 2023-10-30 12:52:03,807 : INFO : telemetry.records : Create temp folder /tmp/tmpzyptq9ir
600 : 2023-10-30 12:52:03,808 : INFO : telemetry.records : Move file /home/sander/.azure/telemetry/cache to /tmp/tmpzyptq9ir/cache
600 : 2023-10-30 12:52:03,809 : INFO : telemetry.records : Processed file /tmp/tmpzyptq9ir/cache into 1 records.
600 : 2023-10-30 12:52:03,810 : INFO : telemetry.records : Remove directory /tmp/tmpzyptq9ir
600 : 2023-10-30 12:52:03,811 : INFO : telemetry.client : Accumulated 1 events. Flush the clients.
600 : 2023-10-30 12:52:03,811 : INFO : telemetry.client : Flush client c4395b75-49cc-422c-bc95-c7d51aef5d46.
600 : 2023-10-30 12:52:03,940 : INFO : telemetry.sender : Sending 3931 bytes
600 : 2023-10-30 12:52:03,942 : INFO : telemetry.sender : Finish uploading in 0.130313 seconds.
600 : 2023-10-30 12:52:03,943 : INFO : telemetry.note : Update the last send in note to 2023-10-30 12:52:03
600 : 2023-10-30 12:52:03,943 : INFO : telemetry.note : Update the note mtime to 2023-10-30 12:52:03.943492
637 : 2023-10-30 12:53:07,448 : INFO : telemetry.main : Attempt start. Configuration directory [/home/sander/.azure].
637 : 2023-10-30 12:53:07,449 : DEBUG : telemetry.note : acquiring lock
637 : 2023-10-30 12:53:07,449 : DEBUG : telemetry.note : acquired lock
637 : 2023-10-30 12:53:07,450 : INFO : telemetry.note : Update the note mtime to 2023-10-30 12:53:07.450077
637 : 2023-10-30 12:53:07,459 : INFO : telemetry.note : Read timestamp from the note. The last send was 2023-10-30 12:52:03.
637 : 2023-10-30 12:53:07,460 : INFO : telemetry.records : 1 cache files to move.
637 : 2023-10-30 12:53:07,460 : INFO : telemetry.records : Create temp folder /tmp/tmpk4jsbxzh
637 : 2023-10-30 12:53:07,461 : INFO : telemetry.records : Move file /home/sander/.azure/telemetry/cache to /tmp/tmpk4jsbxzh/cache
637 : 2023-10-30 12:53:07,461 : INFO : telemetry.records : Processed file /tmp/tmpk4jsbxzh/cache into 1 records.
637 : 2023-10-30 12:53:07,462 : INFO : telemetry.records : Remove directory /tmp/tmpk4jsbxzh
637 : 2023-10-30 12:53:07,463 : INFO : telemetry.client : Accumulated 1 events. Flush the clients.
637 : 2023-10-30 12:53:07,463 : INFO : telemetry.client : Flush client c4395b75-49cc-422c-bc95-c7d51aef5d46.
637 : 2023-10-30 12:53:07,598 : INFO : telemetry.sender : Sending 4522 bytes
637 : 2023-10-30 12:53:07,599 : INFO : telemetry.sender : Finish uploading in 0.135140 seconds.
637 : 2023-10-30 12:53:07,600 : INFO : telemetry.note : Update the last send in note to 2023-10-30 12:53:07
637 : 2023-10-30 12:53:07,600 : INFO : telemetry.note : Update the note mtime to 2023-10-30 12:53:07.600264
683 : 2023-10-30 12:54:41,381 : INFO : telemetry.main : Attempt start. Configuration directory [/home/sander/.azure].
683 : 2023-10-30 12:54:41,382 : DEBUG : telemetry.note : acquiring lock
683 : 2023-10-30 12:54:41,382 : DEBUG : telemetry.note : acquired lock
683 : 2023-10-30 12:54:41,382 : INFO : telemetry.note : Update the note mtime to 2023-10-30 12:54:41.382487
683 : 2023-10-30 12:54:41,386 : INFO : telemetry.note : Read timestamp from the note. The last send was 2023-10-30 12:53:07.
683 : 2023-10-30 12:54:41,387 : INFO : telemetry.records : 1 cache files to move.
683 : 2023-10-30 12:54:41,388 : INFO : telemetry.records : Create temp folder /tmp/tmpm8er6f1p
683 : 2023-10-30 12:54:41,388 : INFO : telemetry.records : Move file /home/sander/.azure/telemetry/cache to /tmp/tmpm8er6f1p/cache
683 : 2023-10-30 12:54:41,389 : INFO : telemetry.records : Processed file /tmp/tmpm8er6f1p/cache into 1 records.
683 : 2023-10-30 12:54:41,389 : INFO : telemetry.records : Remove directory /tmp/tmpm8er6f1p
683 : 2023-10-30 12:54:41,391 : INFO : telemetry.client : Accumulated 1 events. Flush the clients.
683 : 2023-10-30 12:54:41,391 : INFO : telemetry.client : Flush client c4395b75-49cc-422c-bc95-c7d51aef5d46.
683 : 2023-10-30 12:54:41,554 : INFO : telemetry.sender : Sending 4522 bytes
683 : 2023-10-30 12:54:41,555 : INFO : telemetry.sender : Finish uploading in 0.163050 seconds.
683 : 2023-10-30 12:54:41,555 : INFO : telemetry.note : Update the last send in note to 2023-10-30 12:54:41
683 : 2023-10-30 12:54:41,555 : INFO : telemetry.note : Update the note mtime to 2023-10-30 12:54:41.555818
849 : 2023-11-02 12:53:25,783 : INFO : telemetry.main : Attempt start. Configuration directory [/home/sander/.azure].
849 : 2023-11-02 12:53:25,836 : DEBUG : telemetry.note : acquiring lock
849 : 2023-11-02 12:53:25,836 : DEBUG : telemetry.note : acquired lock
849 : 2023-11-02 12:53:25,836 : INFO : telemetry.note : Update the note mtime to 2023-11-02 12:53:25.836724
849 : 2023-11-02 12:53:25,842 : INFO : telemetry.note : Read timestamp from the note. The last send was 2023-10-30 12:54:41.
849 : 2023-11-02 12:53:25,843 : INFO : telemetry.records : 1 cache files to move.
849 : 2023-11-02 12:53:25,844 : INFO : telemetry.records : Create temp folder /tmp/tmp2sur9bec
849 : 2023-11-02 12:53:25,844 : INFO : telemetry.records : Move file /home/sander/.azure/telemetry/cache to /tmp/tmp2sur9bec/cache
849 : 2023-11-02 12:53:25,845 : INFO : telemetry.records : Processed file /tmp/tmp2sur9bec/cache into 1 records.
849 : 2023-11-02 12:53:25,845 : INFO : telemetry.records : Remove directory /tmp/tmp2sur9bec
849 : 2023-11-02 12:53:25,846 : INFO : telemetry.client : Accumulated 1 events. Flush the clients.
849 : 2023-11-02 12:53:25,847 : INFO : telemetry.client : Flush client c4395b75-49cc-422c-bc95-c7d51aef5d46.
849 : 2023-11-02 12:53:26,002 : INFO : telemetry.sender : Sending 3817 bytes
849 : 2023-11-02 12:53:26,003 : INFO : telemetry.sender : Finish uploading in 0.155603 seconds.
849 : 2023-11-02 12:53:26,003 : INFO : telemetry.note : Update the last send in note to 2023-11-02 12:53:25
849 : 2023-11-02 12:53:26,004 : INFO : telemetry.note : Update the note mtime to 2023-11-02 12:53:26.004008
883 : 2023-11-02 12:53:27,532 : INFO : telemetry.main : Attempt start. Configuration directory [/home/sander/.azure].
883 : 2023-11-02 12:53:27,533 : DEBUG : telemetry.note : acquiring lock
883 : 2023-11-02 12:53:27,533 : DEBUG : telemetry.note : acquired lock
883 : 2023-11-02 12:53:27,533 : INFO : telemetry.note : Update the note mtime to 2023-11-02 12:53:27.533716
883 : 2023-11-02 12:53:27,537 : INFO : telemetry.note : Read timestamp from the note. The last send was 2023-11-02 12:53:25.
883 : 2023-11-02 12:53:27,538 : INFO : telemetry.records : 1 cache files to move.
883 : 2023-11-02 12:53:27,538 : INFO : telemetry.records : Create temp folder /tmp/tmpxpir52au
883 : 2023-11-02 12:53:27,539 : INFO : telemetry.records : Move file /home/sander/.azure/telemetry/cache to /tmp/tmpxpir52au/cache
883 : 2023-11-02 12:53:27,539 : INFO : telemetry.records : Processed file /tmp/tmpxpir52au/cache into 1 records.
883 : 2023-11-02 12:53:27,540 : INFO : telemetry.records : Remove directory /tmp/tmpxpir52au
883 : 2023-11-02 12:53:27,541 : INFO : telemetry.client : Accumulated 1 events. Flush the clients.
883 : 2023-11-02 12:53:27,541 : INFO : telemetry.client : Flush client c4395b75-49cc-422c-bc95-c7d51aef5d46.
883 : 2023-11-02 12:53:27,667 : INFO : telemetry.sender : Sending 3814 bytes
883 : 2023-11-02 12:53:27,668 : INFO : telemetry.sender : Finish uploading in 0.127041 seconds.
883 : 2023-11-02 12:53:27,669 : INFO : telemetry.note : Update the last send in note to 2023-11-02 12:53:27
883 : 2023-11-02 12:53:27,671 : INFO : telemetry.note : Update the note mtime to 2023-11-02 12:53:27.671658
893 : 2023-11-02 12:53:27,758 : INFO : telemetry.main : Attempt start. Configuration directory [/home/sander/.azure].
893 : 2023-11-02 12:53:27,758 : DEBUG : telemetry.note : acquiring lock
893 : 2023-11-02 12:53:27,759 : DEBUG : telemetry.note : acquired lock
893 : 2023-11-02 12:53:27,759 : INFO : telemetry.note : Update the note mtime to 2023-11-02 12:53:27.759205
893 : 2023-11-02 12:53:27,763 : INFO : telemetry.note : Read timestamp from the note. The last send was 2023-11-02 12:53:27.
893 : 2023-11-02 12:53:27,764 : INFO : telemetry.records : 1 cache files to move.
893 : 2023-11-02 12:53:27,764 : INFO : telemetry.records : Create temp folder /tmp/tmp4b5mfrn1
893 : 2023-11-02 12:53:27,765 : INFO : telemetry.records : Move file /home/sander/.azure/telemetry/cache to /tmp/tmp4b5mfrn1/cache
893 : 2023-11-02 12:53:27,765 : INFO : telemetry.records : Processed file /tmp/tmp4b5mfrn1/cache into 0 records.
893 : 2023-11-02 12:53:27,766 : INFO : telemetry.records : Remove directory /tmp/tmp4b5mfrn1
893 : 2023-11-02 12:53:27,766 : INFO : telemetry.client : Accumulated 0 events. Flush the clients.
893 : 2023-11-02 12:53:27,767 : INFO : telemetry.note : Update the last send in note to 2023-11-02 12:53:27
893 : 2023-11-02 12:53:27,767 : INFO : telemetry.note : Update the note mtime to 2023-11-02 12:53:27.767235
909 : 2023-11-02 12:53:28,766 : INFO : telemetry.main : Attempt start. Configuration directory [/home/sander/.azure].
909 : 2023-11-02 12:53:28,766 : DEBUG : telemetry.note : acquiring lock
909 : 2023-11-02 12:53:28,766 : DEBUG : telemetry.note : acquired lock
909 : 2023-11-02 12:53:28,767 : INFO : telemetry.note : Update the note mtime to 2023-11-02 12:53:28.766985
909 : 2023-11-02 12:53:28,769 : INFO : telemetry.note : Read timestamp from the note. The last send was 2023-11-02 12:53:27.
909 : 2023-11-02 12:53:28,769 : INFO : telemetry.records : 1 cache files to move.
909 : 2023-11-02 12:53:28,769 : INFO : telemetry.records : Create temp folder /tmp/tmplhiw9rau
909 : 2023-11-02 12:53:28,769 : INFO : telemetry.records : Move file /home/sander/.azure/telemetry/cache to /tmp/tmplhiw9rau/cache
909 : 2023-11-02 12:53:28,770 : INFO : telemetry.records : Processed file /tmp/tmplhiw9rau/cache into 1 records.
909 : 2023-11-02 12:53:28,770 : INFO : telemetry.records : Remove directory /tmp/tmplhiw9rau
909 : 2023-11-02 12:53:28,771 : INFO : telemetry.client : Accumulated 1 events. Flush the clients.
909 : 2023-11-02 12:53:28,771 : INFO : telemetry.client : Flush client c4395b75-49cc-422c-bc95-c7d51aef5d46.
909 : 2023-11-02 12:53:28,839 : INFO : telemetry.sender : Sending 3830 bytes
909 : 2023-11-02 12:53:28,839 : INFO : telemetry.sender : Finish uploading in 0.068478 seconds.
909 : 2023-11-02 12:53:28,840 : INFO : telemetry.note : Update the last send in note to 2023-11-02 12:53:28
909 : 2023-11-02 12:53:28,840 : INFO : telemetry.note : Update the note mtime to 2023-11-02 12:53:28.840283
922 : 2023-11-02 12:53:47,001 : INFO : telemetry.main : Attempt start. Configuration directory [/home/sander/.azure].
922 : 2023-11-02 12:53:47,002 : DEBUG : telemetry.note : acquiring lock
922 : 2023-11-02 12:53:47,002 : DEBUG : telemetry.note : acquired lock
922 : 2023-11-02 12:53:47,002 : INFO : telemetry.note : Update the note mtime to 2023-11-02 12:53:47.002554
922 : 2023-11-02 12:53:47,006 : INFO : telemetry.note : Read timestamp from the note. The last send was 2023-11-02 12:53:28.
922 : 2023-11-02 12:53:47,006 : INFO : telemetry.records : 1 cache files to move.
922 : 2023-11-02 12:53:47,006 : INFO : telemetry.records : Create temp folder /tmp/tmpzs7ik6ts
922 : 2023-11-02 12:53:47,007 : INFO : telemetry.records : Move file /home/sander/.azure/telemetry/cache to /tmp/tmpzs7ik6ts/cache
922 : 2023-11-02 12:53:47,007 : INFO : telemetry.records : Processed file /tmp/tmpzs7ik6ts/cache into 1 records.
922 : 2023-11-02 12:53:47,008 : INFO : telemetry.records : Remove directory /tmp/tmpzs7ik6ts
922 : 2023-11-02 12:53:47,009 : INFO : telemetry.client : Accumulated 1 events. Flush the clients.
922 : 2023-11-02 12:53:47,009 : INFO : telemetry.client : Flush client c4395b75-49cc-422c-bc95-c7d51aef5d46.
922 : 2023-11-02 12:53:47,112 : INFO : telemetry.sender : Sending 3823 bytes
922 : 2023-11-02 12:53:47,113 : INFO : telemetry.sender : Finish uploading in 0.103273 seconds.
922 : 2023-11-02 12:53:47,113 : INFO : telemetry.note : Update the last send in note to 2023-11-02 12:53:46
922 : 2023-11-02 12:53:47,113 : INFO : telemetry.note : Update the note mtime to 2023-11-02 12:53:47.113585
960 : 2023-11-02 12:54:31,484 : INFO : telemetry.main : Attempt start. Configuration directory [/home/sander/.azure].
960 : 2023-11-02 12:54:31,484 : DEBUG : telemetry.note : acquiring lock
960 : 2023-11-02 12:54:31,485 : DEBUG : telemetry.note : acquired lock
960 : 2023-11-02 12:54:31,485 : INFO : telemetry.note : Update the note mtime to 2023-11-02 12:54:31.485202
960 : 2023-11-02 12:54:31,487 : INFO : telemetry.note : Read timestamp from the note. The last send was 2023-11-02 12:53:46.
960 : 2023-11-02 12:54:31,487 : INFO : telemetry.records : 1 cache files to move.
960 : 2023-11-02 12:54:31,487 : INFO : telemetry.records : Create temp folder /tmp/tmphtk3_czy
960 : 2023-11-02 12:54:31,488 : INFO : telemetry.records : Move file /home/sander/.azure/telemetry/cache to /tmp/tmphtk3_czy/cache
960 : 2023-11-02 12:54:31,488 : INFO : telemetry.records : Processed file /tmp/tmphtk3_czy/cache into 1 records.
960 : 2023-11-02 12:54:31,488 : INFO : telemetry.records : Remove directory /tmp/tmphtk3_czy
960 : 2023-11-02 12:54:31,489 : INFO : telemetry.client : Accumulated 1 events. Flush the clients.
960 : 2023-11-02 12:54:31,489 : INFO : telemetry.client : Flush client c4395b75-49cc-422c-bc95-c7d51aef5d46.
960 : 2023-11-02 12:54:31,598 : INFO : telemetry.sender : Sending 3819 bytes
960 : 2023-11-02 12:54:31,599 : INFO : telemetry.sender : Finish uploading in 0.109897 seconds.
960 : 2023-11-02 12:54:31,599 : INFO : telemetry.note : Update the last send in note to 2023-11-02 12:54:31
960 : 2023-11-02 12:54:31,599 : INFO : telemetry.note : Update the note mtime to 2023-11-02 12:54:31.599915
995 : 2023-11-02 12:55:34,770 : INFO : telemetry.main : Attempt start. Configuration directory [/home/sander/.azure].
995 : 2023-11-02 12:55:34,771 : DEBUG : telemetry.note : acquiring lock
995 : 2023-11-02 12:55:34,771 : DEBUG : telemetry.note : acquired lock
995 : 2023-11-02 12:55:34,771 : INFO : telemetry.note : Update the note mtime to 2023-11-02 12:55:34.771839
995 : 2023-11-02 12:55:34,775 : INFO : telemetry.note : Read timestamp from the note. The last send was 2023-11-02 12:54:31.
995 : 2023-11-02 12:55:34,776 : INFO : telemetry.records : 1 cache files to move.
995 : 2023-11-02 12:55:34,776 : INFO : telemetry.records : Create temp folder /tmp/tmpdc9yitp3
995 : 2023-11-02 12:55:34,777 : INFO : telemetry.records : Move file /home/sander/.azure/telemetry/cache to /tmp/tmpdc9yitp3/cache
995 : 2023-11-02 12:55:34,777 : INFO : telemetry.records : Processed file /tmp/tmpdc9yitp3/cache into 1 records.
995 : 2023-11-02 12:55:34,777 : INFO : telemetry.records : Remove directory /tmp/tmpdc9yitp3
995 : 2023-11-02 12:55:34,778 : INFO : telemetry.client : Accumulated 1 events. Flush the clients.
995 : 2023-11-02 12:55:34,779 : INFO : telemetry.client : Flush client c4395b75-49cc-422c-bc95-c7d51aef5d46.
995 : 2023-11-02 12:55:35,103 : INFO : telemetry.sender : Sending 4460 bytes
995 : 2023-11-02 12:55:35,104 : INFO : telemetry.sender : Finish uploading in 0.324845 seconds.
995 : 2023-11-02 12:55:35,105 : INFO : telemetry.note : Update the last send in note to 2023-11-02 12:55:34
995 : 2023-11-02 12:55:35,105 : INFO : telemetry.note : Update the note mtime to 2023-11-02 12:55:35.105485
1108 : 2023-11-02 12:58:54,169 : INFO : telemetry.main : Attempt start. Configuration directory [/home/sander/.azure].
1108 : 2023-11-02 12:58:54,170 : DEBUG : telemetry.note : acquiring lock
1108 : 2023-11-02 12:58:54,170 : DEBUG : telemetry.note : acquired lock
1108 : 2023-11-02 12:58:54,170 : INFO : telemetry.note : Update the note mtime to 2023-11-02 12:58:54.170804
1108 : 2023-11-02 12:58:54,174 : INFO : telemetry.note : Read timestamp from the note. The last send was 2023-11-02 12:55:34.
1108 : 2023-11-02 12:58:54,174 : INFO : telemetry.records : 1 cache files to move.
1108 : 2023-11-02 12:58:54,174 : INFO : telemetry.records : Create temp folder /tmp/tmp6s44oh7o
1108 : 2023-11-02 12:58:54,175 : INFO : telemetry.records : Move file /home/sander/.azure/telemetry/cache to /tmp/tmp6s44oh7o/cache
1108 : 2023-11-02 12:58:54,175 : INFO : telemetry.records : Processed file /tmp/tmp6s44oh7o/cache into 1 records.
1108 : 2023-11-02 12:58:54,176 : INFO : telemetry.records : Remove directory /tmp/tmp6s44oh7o
1108 : 2023-11-02 12:58:54,177 : INFO : telemetry.client : Accumulated 1 events. Flush the clients.
1108 : 2023-11-02 12:58:54,177 : INFO : telemetry.client : Flush client c4395b75-49cc-422c-bc95-c7d51aef5d46.
1108 : 2023-11-02 12:58:54,280 : INFO : telemetry.sender : Sending 5420 bytes
1108 : 2023-11-02 12:58:54,281 : INFO : telemetry.sender : Finish uploading in 0.103078 seconds.
1108 : 2023-11-02 12:58:54,281 : INFO : telemetry.note : Update the last send in note to 2023-11-02 12:58:53
1108 : 2023-11-02 12:58:54,281 : INFO : telemetry.note : Update the note mtime to 2023-11-02 12:58:54.281638
1167 : 2023-11-02 13:00:57,656 : INFO : telemetry.main : Attempt start. Configuration directory [/home/sander/.azure].
1167 : 2023-11-02 13:00:57,657 : DEBUG : telemetry.note : acquiring lock
1167 : 2023-11-02 13:00:57,657 : DEBUG : telemetry.note : acquired lock
1167 : 2023-11-02 13:00:57,657 : INFO : telemetry.note : Update the note mtime to 2023-11-02 13:00:57.657776
1167 : 2023-11-02 13:00:57,661 : INFO : telemetry.note : Read timestamp from the note. The last send was 2023-11-02 12:58:53.
1167 : 2023-11-02 13:00:57,661 : INFO : telemetry.records : 1 cache files to move.
1167 : 2023-11-02 13:00:57,662 : INFO : telemetry.records : Create temp folder /tmp/tmpz_22vdo5
1167 : 2023-11-02 13:00:57,662 : INFO : telemetry.records : Move file /home/sander/.azure/telemetry/cache to /tmp/tmpz_22vdo5/cache
1167 : 2023-11-02 13:00:57,663 : INFO : telemetry.records : Processed file /tmp/tmpz_22vdo5/cache into 1 records.
1167 : 2023-11-02 13:00:57,663 : INFO : telemetry.records : Remove directory /tmp/tmpz_22vdo5
1167 : 2023-11-02 13:00:57,664 : INFO : telemetry.client : Accumulated 1 events. Flush the clients.
1167 : 2023-11-02 13:00:57,664 : INFO : telemetry.client : Flush client c4395b75-49cc-422c-bc95-c7d51aef5d46.
1167 : 2023-11-02 13:00:57,804 : INFO : telemetry.sender : Sending 4305 bytes
1167 : 2023-11-02 13:00:57,804 : INFO : telemetry.sender : Finish uploading in 0.139647 seconds.
1167 : 2023-11-02 13:00:57,805 : INFO : telemetry.note : Update the last send in note to 2023-11-02 13:00:57
1167 : 2023-11-02 13:00:57,805 : INFO : telemetry.note : Update the note mtime to 2023-11-02 13:00:57.805347
1192 : 2023-11-02 13:01:26,051 : INFO : telemetry.main : Attempt start. Configuration directory [/home/sander/.azure].
1192 : 2023-11-02 13:01:26,052 : DEBUG : telemetry.note : acquiring lock
1192 : 2023-11-02 13:01:26,052 : DEBUG : telemetry.note : acquired lock
1192 : 2023-11-02 13:01:26,052 : INFO : telemetry.note : Update the note mtime to 2023-11-02 13:01:26.052339
1192 : 2023-11-02 13:01:26,054 : INFO : telemetry.note : Read timestamp from the note. The last send was 2023-11-02 13:00:57.
1192 : 2023-11-02 13:01:26,055 : INFO : telemetry.records : 1 cache files to move.
1192 : 2023-11-02 13:01:26,055 : INFO : telemetry.records : Create temp folder /tmp/tmpepbjbua_
1192 : 2023-11-02 13:01:26,055 : INFO : telemetry.records : Move file /home/sander/.azure/telemetry/cache to /tmp/tmpepbjbua_/cache
1192 : 2023-11-02 13:01:26,056 : INFO : telemetry.records : Processed file /tmp/tmpepbjbua_/cache into 1 records.
1192 : 2023-11-02 13:01:26,056 : INFO : telemetry.records : Remove directory /tmp/tmpepbjbua_
1192 : 2023-11-02 13:01:26,056 : INFO : telemetry.client : Accumulated 1 events. Flush the clients.
1192 : 2023-11-02 13:01:26,057 : INFO : telemetry.client : Flush client c4395b75-49cc-422c-bc95-c7d51aef5d46.
1192 : 2023-11-02 13:01:26,155 : INFO : telemetry.sender : Sending 5289 bytes
1192 : 2023-11-02 13:01:26,155 : INFO : telemetry.sender : Finish uploading in 0.098368 seconds.
1192 : 2023-11-02 13:01:26,155 : INFO : telemetry.note : Update the last send in note to 2023-11-02 13:01:25
1192 : 2023-11-02 13:01:26,156 : INFO : telemetry.note : Update the note mtime to 2023-11-02 13:01:26.156108
1228 : 2023-11-02 13:02:47,241 : INFO : telemetry.main : Attempt start. Configuration directory [/home/sander/.azure].
1228 : 2023-11-02 13:02:47,241 : DEBUG : telemetry.note : acquiring lock
1228 : 2023-11-02 13:02:47,241 : DEBUG : telemetry.note : acquired lock
1228 : 2023-11-02 13:02:47,241 : INFO : telemetry.note : Update the note mtime to 2023-11-02 13:02:47.241549
1228 : 2023-11-02 13:02:47,243 : INFO : telemetry.note : Read timestamp from the note. The last send was 2023-11-02 13:01:25.
1228 : 2023-11-02 13:02:47,244 : INFO : telemetry.records : 1 cache files to move.
1228 : 2023-11-02 13:02:47,244 : INFO : telemetry.records : Create temp folder /tmp/tmpd5cr2ci8
1228 : 2023-11-02 13:02:47,244 : INFO : telemetry.records : Move file /home/sander/.azure/telemetry/cache to /tmp/tmpd5cr2ci8/cache
1228 : 2023-11-02 13:02:47,245 : INFO : telemetry.records : Processed file /tmp/tmpd5cr2ci8/cache into 1 records.
1228 : 2023-11-02 13:02:47,245 : INFO : telemetry.records : Remove directory /tmp/tmpd5cr2ci8
1228 : 2023-11-02 13:02:47,245 : INFO : telemetry.client : Accumulated 1 events. Flush the clients.
1228 : 2023-11-02 13:02:47,245 : INFO : telemetry.client : Flush client c4395b75-49cc-422c-bc95-c7d51aef5d46.
1228 : 2023-11-02 13:02:47,463 : INFO : telemetry.sender : Sending 3819 bytes
1228 : 2023-11-02 13:02:47,463 : INFO : telemetry.sender : Finish uploading in 0.217634 seconds.
1228 : 2023-11-02 13:02:47,464 : INFO : telemetry.note : Update the last send in note to 2023-11-02 13:02:47
1228 : 2023-11-02 13:02:47,464 : INFO : telemetry.note : Update the note mtime to 2023-11-02 13:02:47.464257
1276 : 2023-11-02 13:04:07,305 : INFO : telemetry.main : Attempt start. Configuration directory [/home/sander/.azure].
1276 : 2023-11-02 13:04:07,306 : DEBUG : telemetry.note : acquiring lock
1276 : 2023-11-02 13:04:07,306 : DEBUG : telemetry.note : acquired lock
1276 : 2023-11-02 13:04:07,306 : INFO : telemetry.note : Update the note mtime to 2023-11-02 13:04:07.306948
1276 : 2023-11-02 13:04:07,310 : INFO : telemetry.note : Read timestamp from the note. The last send was 2023-11-02 13:02:47.
1276 : 2023-11-02 13:04:07,311 : INFO : telemetry.records : 1 cache files to move.
1276 : 2023-11-02 13:04:07,311 : INFO : telemetry.records : Create temp folder /tmp/tmp6_f1delb
1276 : 2023-11-02 13:04:07,312 : INFO : telemetry.records : Move file /home/sander/.azure/telemetry/cache to /tmp/tmp6_f1delb/cache
1276 : 2023-11-02 13:04:07,312 : INFO : telemetry.records : Processed file /tmp/tmp6_f1delb/cache into 1 records.
1276 : 2023-11-02 13:04:07,312 : INFO : telemetry.records : Remove directory /tmp/tmp6_f1delb
1276 : 2023-11-02 13:04:07,314 : INFO : telemetry.client : Accumulated 1 events. Flush the clients.
1276 : 2023-11-02 13:04:07,314 : INFO : telemetry.client : Flush client c4395b75-49cc-422c-bc95-c7d51aef5d46.
1276 : 2023-11-02 13:04:11,713 : INFO : telemetry.sender : Sending 4460 bytes
1276 : 2023-11-02 13:04:11,714 : INFO : telemetry.sender : Finish uploading in 4.399294 seconds.
1276 : 2023-11-02 13:04:11,714 : INFO : telemetry.note : Update the last send in note to 2023-11-02 13:04:07
1276 : 2023-11-02 13:04:11,714 : INFO : telemetry.note : Update the note mtime to 2023-11-02 13:04:11.714509
1347 : 2023-11-02 13:06:42,030 : INFO : telemetry.main : Attempt start. Configuration directory [/home/sander/.azure].
1347 : 2023-11-02 13:06:42,030 : DEBUG : telemetry.note : acquiring lock
1347 : 2023-11-02 13:06:42,030 : DEBUG : telemetry.note : acquired lock
1347 : 2023-11-02 13:06:42,031 : INFO : telemetry.note : Update the note mtime to 2023-11-02 13:06:42.031093
1347 : 2023-11-02 13:06:42,036 : INFO : telemetry.note : Read timestamp from the note. The last send was 2023-11-02 13:04:07.
1347 : 2023-11-02 13:06:42,037 : INFO : telemetry.records : 1 cache files to move.
1347 : 2023-11-02 13:06:42,037 : INFO : telemetry.records : Create temp folder /tmp/tmpbeji9yle
1347 : 2023-11-02 13:06:42,038 : INFO : telemetry.records : Move file /home/sander/.azure/telemetry/cache to /tmp/tmpbeji9yle/cache
1347 : 2023-11-02 13:06:42,039 : INFO : telemetry.records : Processed file /tmp/tmpbeji9yle/cache into 1 records.
1347 : 2023-11-02 13:06:42,039 : INFO : telemetry.records : Remove directory /tmp/tmpbeji9yle
1347 : 2023-11-02 13:06:42,041 : INFO : telemetry.client : Accumulated 1 events. Flush the clients.
1347 : 2023-11-02 13:06:42,041 : INFO : telemetry.client : Flush client c4395b75-49cc-422c-bc95-c7d51aef5d46.
1347 : 2023-11-02 13:06:42,177 : INFO : telemetry.sender : Sending 3979 bytes
1347 : 2023-11-02 13:06:42,177 : INFO : telemetry.sender : Finish uploading in 0.135914 seconds.
1347 : 2023-11-02 13:06:42,178 : INFO : telemetry.note : Update the last send in note to 2023-11-02 13:06:41
1347 : 2023-11-02 13:06:42,178 : INFO : telemetry.note : Update the note mtime to 2023-11-02 13:06:42.178315
1384 : 2023-11-02 13:07:36,595 : INFO : telemetry.main : Attempt start. Configuration directory [/home/sander/.azure].
1384 : 2023-11-02 13:07:36,596 : DEBUG : telemetry.note : acquiring lock
1384 : 2023-11-02 13:07:36,596 : DEBUG : telemetry.note : acquired lock
1384 : 2023-11-02 13:07:36,596 : INFO : telemetry.note : Update the note mtime to 2023-11-02 13:07:36.596334
1384 : 2023-11-02 13:07:36,598 : INFO : telemetry.note : Read timestamp from the note. The last send was 2023-11-02 13:06:41.
1384 : 2023-11-02 13:07:36,599 : INFO : telemetry.records : 1 cache files to move.
1384 : 2023-11-02 13:07:36,599 : INFO : telemetry.records : Create temp folder /tmp/tmpx4hib7v2
1384 : 2023-11-02 13:07:36,599 : INFO : telemetry.records : Move file /home/sander/.azure/telemetry/cache to /tmp/tmpx4hib7v2/cache
1384 : 2023-11-02 13:07:36,599 : INFO : telemetry.records : Processed file /tmp/tmpx4hib7v2/cache into 1 records.
1384 : 2023-11-02 13:07:36,600 : INFO : telemetry.records : Remove directory /tmp/tmpx4hib7v2
1384 : 2023-11-02 13:07:36,600 : INFO : telemetry.client : Accumulated 1 events. Flush the clients.
1384 : 2023-11-02 13:07:36,601 : INFO : telemetry.client : Flush client c4395b75-49cc-422c-bc95-c7d51aef5d46.
1384 : 2023-11-02 13:07:36,703 : INFO : telemetry.sender : Sending 4013 bytes
1384 : 2023-11-02 13:07:36,704 : INFO : telemetry.sender : Finish uploading in 0.102712 seconds.
1384 : 2023-11-02 13:07:36,704 : INFO : telemetry.note : Update the last send in note to 2023-11-02 13:07:36
1384 : 2023-11-02 13:07:36,704 : INFO : telemetry.note : Update the note mtime to 2023-11-02 13:07:36.704367
1407 : 2023-11-02 13:08:06,276 : INFO : telemetry.main : Attempt start. Configuration directory [/home/sander/.azure].
1407 : 2023-11-02 13:08:06,277 : DEBUG : telemetry.note : acquiring lock
1407 : 2023-11-02 13:08:06,277 : DEBUG : telemetry.note : acquired lock
1407 : 2023-11-02 13:08:06,277 : INFO : telemetry.note : Update the note mtime to 2023-11-02 13:08:06.277435
1407 : 2023-11-02 13:08:06,279 : INFO : telemetry.note : Read timestamp from the note. The last send was 2023-11-02 13:07:36.
1407 : 2023-11-02 13:08:06,280 : INFO : telemetry.records : 1 cache files to move.
1407 : 2023-11-02 13:08:06,280 : INFO : telemetry.records : Create temp folder /tmp/tmptm_rubhs
1407 : 2023-11-02 13:08:06,280 : INFO : telemetry.records : Move file /home/sander/.azure/telemetry/cache to /tmp/tmptm_rubhs/cache
1407 : 2023-11-02 13:08:06,280 : INFO : telemetry.records : Processed file /tmp/tmptm_rubhs/cache into 1 records.
1407 : 2023-11-02 13:08:06,281 : INFO : telemetry.records : Remove directory /tmp/tmptm_rubhs
1407 : 2023-11-02 13:08:06,281 : INFO : telemetry.client : Accumulated 1 events. Flush the clients.
1407 : 2023-11-02 13:08:06,281 : INFO : telemetry.client : Flush client c4395b75-49cc-422c-bc95-c7d51aef5d46.
1407 : 2023-11-02 13:08:06,348 : INFO : telemetry.sender : Sending 3830 bytes
1407 : 2023-11-02 13:08:06,348 : INFO : telemetry.sender : Finish uploading in 0.066865 seconds.
1407 : 2023-11-02 13:08:06,349 : INFO : telemetry.note : Update the last send in note to 2023-11-02 13:08:06
1407 : 2023-11-02 13:08:06,349 : INFO : telemetry.note : Update the note mtime to 2023-11-02 13:08:06.349266
1457 : 2023-11-02 13:09:46,983 : INFO : telemetry.main : Attempt start. Configuration directory [/home/sander/.azure].
1457 : 2023-11-02 13:09:46,983 : DEBUG : telemetry.note : acquiring lock
1457 : 2023-11-02 13:09:46,983 : DEBUG : telemetry.note : acquired lock
1457 : 2023-11-02 13:09:46,983 : INFO : telemetry.note : Update the note mtime to 2023-11-02 13:09:46.983718
1457 : 2023-11-02 13:09:46,986 : INFO : telemetry.note : Read timestamp from the note. The last send was 2023-11-02 13:08:06.
1457 : 2023-11-02 13:09:46,986 : INFO : telemetry.records : 1 cache files to move.
1457 : 2023-11-02 13:09:46,986 : INFO : telemetry.records : Create temp folder /tmp/tmp1unf0qvg
1457 : 2023-11-02 13:09:46,987 : INFO : telemetry.records : Move file /home/sander/.azure/telemetry/cache to /tmp/tmp1unf0qvg/cache
1457 : 2023-11-02 13:09:46,987 : INFO : telemetry.records : Processed file /tmp/tmp1unf0qvg/cache into 1 records.
1457 : 2023-11-02 13:09:46,987 : INFO : telemetry.records : Remove directory /tmp/tmp1unf0qvg
1457 : 2023-11-02 13:09:46,988 : INFO : telemetry.client : Accumulated 1 events. Flush the clients.
1457 : 2023-11-02 13:09:46,988 : INFO : telemetry.client : Flush client c4395b75-49cc-422c-bc95-c7d51aef5d46.
1457 : 2023-11-02 13:09:47,089 : INFO : telemetry.sender : Sending 3881 bytes
1457 : 2023-11-02 13:09:47,090 : INFO : telemetry.sender : Finish uploading in 0.101249 seconds.
1457 : 2023-11-02 13:09:47,090 : INFO : telemetry.note : Update the last send in note to 2023-11-02 13:09:46
1457 : 2023-11-02 13:09:47,090 : INFO : telemetry.note : Update the note mtime to 2023-11-02 13:09:47.090717
1675 : 2023-11-02 13:17:21,776 : INFO : telemetry.main : Attempt start. Configuration directory [/home/sander/.azure].
1675 : 2023-11-02 13:17:21,777 : DEBUG : telemetry.note : acquiring lock
1675 : 2023-11-02 13:17:21,777 : DEBUG : telemetry.note : acquired lock
1675 : 2023-11-02 13:17:21,777 : INFO : telemetry.note : Update the note mtime to 2023-11-02 13:17:21.777697
1675 : 2023-11-02 13:17:21,781 : INFO : telemetry.note : Read timestamp from the note. The last send was 2023-11-02 13:09:46.
1675 : 2023-11-02 13:17:21,782 : INFO : telemetry.records : 1 cache files to move.
1675 : 2023-11-02 13:17:21,782 : INFO : telemetry.records : Create temp folder /tmp/tmpiup_ruqj
1675 : 2023-11-02 13:17:21,783 : INFO : telemetry.records : Move file /home/sander/.azure/telemetry/cache to /tmp/tmpiup_ruqj/cache
1675 : 2023-11-02 13:17:21,783 : INFO : telemetry.records : Processed file /tmp/tmpiup_ruqj/cache into 1 records.
1675 : 2023-11-02 13:17:21,784 : INFO : telemetry.records : Remove directory /tmp/tmpiup_ruqj
1675 : 2023-11-02 13:17:21,786 : INFO : telemetry.client : Accumulated 1 events. Flush the clients.
1675 : 2023-11-02 13:17:21,786 : INFO : telemetry.client : Flush client c4395b75-49cc-422c-bc95-c7d51aef5d46.
1675 : 2023-11-02 13:17:21,934 : INFO : telemetry.sender : Sending 3875 bytes
1675 : 2023-11-02 13:17:21,935 : INFO : telemetry.sender : Finish uploading in 0.148286 seconds.
1675 : 2023-11-02 13:17:21,935 : INFO : telemetry.note : Update the last send in note to 2023-11-02 13:17:21
1675 : 2023-11-02 13:17:21,935 : INFO : telemetry.note : Update the note mtime to 2023-11-02 13:17:21.935837
1735 : 2023-11-02 13:18:27,757 : INFO : telemetry.main : Attempt start. Configuration directory [/home/sander/.azure].
1735 : 2023-11-02 13:18:27,758 : DEBUG : telemetry.note : acquiring lock
1735 : 2023-11-02 13:18:27,758 : DEBUG : telemetry.note : acquired lock
1735 : 2023-11-02 13:18:27,758 : INFO : telemetry.note : Update the note mtime to 2023-11-02 13:18:27.758910
1735 : 2023-11-02 13:18:27,763 : INFO : telemetry.note : Read timestamp from the note. The last send was 2023-11-02 13:17:21.
1735 : 2023-11-02 13:18:27,764 : INFO : telemetry.records : 1 cache files to move.
1735 : 2023-11-02 13:18:27,764 : INFO : telemetry.records : Create temp folder /tmp/tmpsjqj2njt
1735 : 2023-11-02 13:18:27,765 : INFO : telemetry.records : Move file /home/sander/.azure/telemetry/cache to /tmp/tmpsjqj2njt/cache
1735 : 2023-11-02 13:18:27,765 : INFO : telemetry.records : Processed file /tmp/tmpsjqj2njt/cache into 1 records.
1735 : 2023-11-02 13:18:27,765 : INFO : telemetry.records : Remove directory /tmp/tmpsjqj2njt
1735 : 2023-11-02 13:18:27,767 : INFO : telemetry.client : Accumulated 1 events. Flush the clients.
1735 : 2023-11-02 13:18:27,767 : INFO : telemetry.client : Flush client c4395b75-49cc-422c-bc95-c7d51aef5d46.
1735 : 2023-11-02 13:18:27,880 : INFO : telemetry.sender : Sending 4047 bytes
1735 : 2023-11-02 13:18:27,880 : INFO : telemetry.sender : Finish uploading in 0.112684 seconds.
1735 : 2023-11-02 13:18:27,881 : INFO : telemetry.note : Update the last send in note to 2023-11-02 13:18:27
1735 : 2023-11-02 13:18:27,881 : INFO : telemetry.note : Update the note mtime to 2023-11-02 13:18:27.881526
1805 : 2023-11-02 13:21:17,599 : INFO : telemetry.main : Attempt start. Configuration directory [/home/sander/.azure].
1805 : 2023-11-02 13:21:17,599 : DEBUG : telemetry.note : acquiring lock
1805 : 2023-11-02 13:21:17,600 : DEBUG : telemetry.note : acquired lock
1805 : 2023-11-02 13:21:17,600 : INFO : telemetry.note : Update the note mtime to 2023-11-02 13:21:17.600217
1805 : 2023-11-02 13:21:17,603 : INFO : telemetry.note : Read timestamp from the note. The last send was 2023-11-02 13:18:27.
1805 : 2023-11-02 13:21:17,604 : INFO : telemetry.records : 1 cache files to move.
1805 : 2023-11-02 13:21:17,604 : INFO : telemetry.records : Create temp folder /tmp/tmp162qcqho
1805 : 2023-11-02 13:21:17,605 : INFO : telemetry.records : Move file /home/sander/.azure/telemetry/cache to /tmp/tmp162qcqho/cache
1805 : 2023-11-02 13:21:17,605 : INFO : telemetry.records : Processed file /tmp/tmp162qcqho/cache into 1 records.
1805 : 2023-11-02 13:21:17,606 : INFO : telemetry.records : Remove directory /tmp/tmp162qcqho
1805 : 2023-11-02 13:21:17,607 : INFO : telemetry.client : Accumulated 1 events. Flush the clients.
1805 : 2023-11-02 13:21:17,607 : INFO : telemetry.client : Flush client c4395b75-49cc-422c-bc95-c7d51aef5d46.
1805 : 2023-11-02 13:21:17,700 : INFO : telemetry.sender : Sending 3880 bytes
1805 : 2023-11-02 13:21:17,700 : INFO : telemetry.sender : Finish uploading in 0.093110 seconds.
1805 : 2023-11-02 13:21:17,701 : INFO : telemetry.note : Update the last send in note to 2023-11-02 13:21:17
1805 : 2023-11-02 13:21:17,701 : INFO : telemetry.note : Update the note mtime to 2023-11-02 13:21:17.701140
1949 : 2023-11-02 13:25:41,441 : INFO : telemetry.main : Attempt start. Configuration directory [/home/sander/.azure].
1949 : 2023-11-02 13:25:41,441 : DEBUG : telemetry.note : acquiring lock
1949 : 2023-11-02 13:25:41,442 : DEBUG : telemetry.note : acquired lock
1949 : 2023-11-02 13:25:41,442 : INFO : telemetry.note : Update the note mtime to 2023-11-02 13:25:41.442247
1949 : 2023-11-02 13:25:41,445 : INFO : telemetry.note : Read timestamp from the note. The last send was 2023-11-02 13:21:17.
1949 : 2023-11-02 13:25:41,446 : INFO : telemetry.records : 1 cache files to move.
1949 : 2023-11-02 13:25:41,446 : INFO : telemetry.records : Create temp folder /tmp/tmpm03d1j_2
1949 : 2023-11-02 13:25:41,447 : INFO : telemetry.records : Move file /home/sander/.azure/telemetry/cache to /tmp/tmpm03d1j_2/cache
1949 : 2023-11-02 13:25:41,447 : INFO : telemetry.records : Processed file /tmp/tmpm03d1j_2/cache into 1 records.
1949 : 2023-11-02 13:25:41,448 : INFO : telemetry.records : Remove directory /tmp/tmpm03d1j_2
1949 : 2023-11-02 13:25:41,449 : INFO : telemetry.client : Accumulated 1 events. Flush the clients.
1949 : 2023-11-02 13:25:41,449 : INFO : telemetry.client : Flush client c4395b75-49cc-422c-bc95-c7d51aef5d46.
1949 : 2023-11-02 13:25:41,560 : INFO : telemetry.sender : Sending 3866 bytes
1949 : 2023-11-02 13:25:41,561 : INFO : telemetry.sender : Finish uploading in 0.111380 seconds.
1949 : 2023-11-02 13:25:41,561 : INFO : telemetry.note : Update the last send in note to 2023-11-02 13:25:41
1949 : 2023-11-02 13:25:41,561 : INFO : telemetry.note : Update the note mtime to 2023-11-02 13:25:41.561869
